<?xml version="1.0" encoding="UTF-8"?>
<testsuite xmlns:xsi="http://www.w3.org/2001/XMLSchema-instance" xsi:noNamespaceSchemaLocation="https://maven.apache.org/surefire/maven-surefire-plugin/xsd/surefire-test-report.xsd" name="com.adactin.runner.Runner" time="29.447" tests="42" errors="0" skipped="0" failures="0">
  <properties>
    <property name="sun.desktop" value="windows"/>
    <property name="awt.toolkit" value="sun.awt.windows.WToolkit"/>
    <property name="file.encoding.pkg" value="sun.io"/>
    <property name="java.specification.version" value="1.8"/>
    <property name="sun.cpu.isalist" value="amd64"/>
    <property name="sun.jnu.encoding" value="Cp1252"/>
    <property name="java.class.path" value="E:\Course\eclipse-workspace\AdactinCucumber\target\test-classes;E:\Course\eclipse-workspace\AdactinCucumber\target\classes;C:\Users\Karthik\.m2\repository\junit\junit\4.12\junit-4.12.jar;C:\Users\Karthik\.m2\repository\org\hamcrest\hamcrest-core\1.3\hamcrest-core-1.3.jar;C:\Users\Karthik\.m2\repository\org\seleniumhq\selenium\selenium-java\3.141.59\selenium-java-3.141.59.jar;C:\Users\Karthik\.m2\repository\org\seleniumhq\selenium\selenium-api\3.141.59\selenium-api-3.141.59.jar;C:\Users\Karthik\.m2\repository\org\seleniumhq\selenium\selenium-chrome-driver\3.141.59\selenium-chrome-driver-3.141.59.jar;C:\Users\Karthik\.m2\repository\org\seleniumhq\selenium\selenium-edge-driver\3.141.59\selenium-edge-driver-3.141.59.jar;C:\Users\Karthik\.m2\repository\org\seleniumhq\selenium\selenium-firefox-driver\3.141.59\selenium-firefox-driver-3.141.59.jar;C:\Users\Karthik\.m2\repository\org\seleniumhq\selenium\selenium-ie-driver\3.141.59\selenium-ie-driver-3.141.59.jar;C:\Users\Karthik\.m2\repository\org\seleniumhq\selenium\selenium-opera-driver\3.141.59\selenium-opera-driver-3.141.59.jar;C:\Users\Karthik\.m2\repository\org\seleniumhq\selenium\selenium-remote-driver\3.141.59\selenium-remote-driver-3.141.59.jar;C:\Users\Karthik\.m2\repository\org\seleniumhq\selenium\selenium-safari-driver\3.141.59\selenium-safari-driver-3.141.59.jar;C:\Users\Karthik\.m2\repository\org\seleniumhq\selenium\selenium-support\3.141.59\selenium-support-3.141.59.jar;C:\Users\Karthik\.m2\repository\net\bytebuddy\byte-buddy\1.8.15\byte-buddy-1.8.15.jar;C:\Users\Karthik\.m2\repository\org\apache\commons\commons-exec\1.3\commons-exec-1.3.jar;C:\Users\Karthik\.m2\repository\com\google\guava\guava\25.0-jre\guava-25.0-jre.jar;C:\Users\Karthik\.m2\repository\com\google\code\findbugs\jsr305\1.3.9\jsr305-1.3.9.jar;C:\Users\Karthik\.m2\repository\org\checkerframework\checker-compat-qual\2.0.0\checker-compat-qual-2.0.0.jar;C:\Users\Karthik\.m2\repository\com\google\errorprone\error_prone_annotations\2.1.3\error_prone_annotations-2.1.3.jar;C:\Users\Karthik\.m2\repository\com\google\j2objc\j2objc-annotations\1.1\j2objc-annotations-1.1.jar;C:\Users\Karthik\.m2\repository\org\codehaus\mojo\animal-sniffer-annotations\1.14\animal-sniffer-annotations-1.14.jar;C:\Users\Karthik\.m2\repository\com\squareup\okhttp3\okhttp\3.11.0\okhttp-3.11.0.jar;C:\Users\Karthik\.m2\repository\com\squareup\okio\okio\1.14.0\okio-1.14.0.jar;C:\Users\Karthik\.m2\repository\commons-io\commons-io\2.6\commons-io-2.6.jar;C:\Users\Karthik\.m2\repository\info\cukes\cucumber-junit\1.2.5\cucumber-junit-1.2.5.jar;C:\Users\Karthik\.m2\repository\info\cukes\cucumber-java\1.2.5\cucumber-java-1.2.5.jar;C:\Users\Karthik\.m2\repository\info\cukes\cucumber-core\1.2.5\cucumber-core-1.2.5.jar;C:\Users\Karthik\.m2\repository\info\cukes\cucumber-html\0.2.3\cucumber-html-0.2.3.jar;C:\Users\Karthik\.m2\repository\info\cukes\cucumber-jvm-deps\1.0.5\cucumber-jvm-deps-1.0.5.jar;C:\Users\Karthik\.m2\repository\info\cukes\gherkin\2.12.2\gherkin-2.12.2.jar;C:\Users\Karthik\.m2\repository\com\vimalselvam\cucumber-extentsreport\3.0.2\cucumber-extentsreport-3.0.2.jar;C:\Users\Karthik\.m2\repository\com\aventstack\extentreports\3.1.2\extentreports-3.1.2.jar;C:\Users\Karthik\.m2\repository\org\freemarker\freemarker\2.3.23\freemarker-2.3.23.jar;C:\Users\Karthik\.m2\repository\org\mongodb\mongodb-driver\3.3.0\mongodb-driver-3.3.0.jar;C:\Users\Karthik\.m2\repository\org\mongodb\bson\3.3.0\bson-3.3.0.jar;C:\Users\Karthik\.m2\repository\org\mongodb\mongodb-driver-core\3.3.0\mongodb-driver-core-3.3.0.jar;C:\Users\Karthik\.m2\repository\org\apache\httpcomponents\httpclient\4.5.2\httpclient-4.5.2.jar;C:\Users\Karthik\.m2\repository\org\apache\httpcomponents\httpcore\4.4.4\httpcore-4.4.4.jar;C:\Users\Karthik\.m2\repository\commons-logging\commons-logging\1.2\commons-logging-1.2.jar;C:\Users\Karthik\.m2\repository\commons-codec\commons-codec\1.9\commons-codec-1.9.jar;C:\Users\Karthik\.m2\repository\org\apache\httpcomponents\httpmime\4.5.2\httpmime-4.5.2.jar;C:\Users\Karthik\.m2\repository\org\jsoup\jsoup\1.9.2\jsoup-1.9.2.jar;C:\Users\Karthik\.m2\repository\com\google\code\gson\gson\2.8.0\gson-2.8.0.jar;"/>
    <property name="java.vm.vendor" value="Oracle Corporation"/>
    <property name="sun.arch.data.model" value="64"/>
    <property name="user.variant" value=""/>
    <property name="java.vendor.url" value="http://java.oracle.com/"/>
    <property name="user.timezone" value="Asia/Calcutta"/>
    <property name="java.vm.specification.version" value="1.8"/>
    <property name="os.name" value="Windows 10"/>
    <property name="user.country" value="IN"/>
    <property name="sun.java.launcher" value="SUN_STANDARD"/>
    <property name="sun.boot.library.path" value="C:\Program Files\Java\jre1.8.0_251\bin"/>
    <property name="sun.java.command" value="C:\Users\Karthik\AppData\Local\Temp\surefire4241083556466550102\surefirebooter7839200686691612852.jar C:\Users\Karthik\AppData\Local\Temp\surefire4241083556466550102 2020-06-21T15-35-04_940-jvmRun1 surefire6892640747803940160tmp surefire_07969733099668222458tmp"/>
    <property name="surefire.test.class.path" value="E:\Course\eclipse-workspace\AdactinCucumber\target\test-classes;E:\Course\eclipse-workspace\AdactinCucumber\target\classes;C:\Users\Karthik\.m2\repository\junit\junit\4.12\junit-4.12.jar;C:\Users\Karthik\.m2\repository\org\hamcrest\hamcrest-core\1.3\hamcrest-core-1.3.jar;C:\Users\Karthik\.m2\repository\org\seleniumhq\selenium\selenium-java\3.141.59\selenium-java-3.141.59.jar;C:\Users\Karthik\.m2\repository\org\seleniumhq\selenium\selenium-api\3.141.59\selenium-api-3.141.59.jar;C:\Users\Karthik\.m2\repository\org\seleniumhq\selenium\selenium-chrome-driver\3.141.59\selenium-chrome-driver-3.141.59.jar;C:\Users\Karthik\.m2\repository\org\seleniumhq\selenium\selenium-edge-driver\3.141.59\selenium-edge-driver-3.141.59.jar;C:\Users\Karthik\.m2\repository\org\seleniumhq\selenium\selenium-firefox-driver\3.141.59\selenium-firefox-driver-3.141.59.jar;C:\Users\Karthik\.m2\repository\org\seleniumhq\selenium\selenium-ie-driver\3.141.59\selenium-ie-driver-3.141.59.jar;C:\Users\Karthik\.m2\repository\org\seleniumhq\selenium\selenium-opera-driver\3.141.59\selenium-opera-driver-3.141.59.jar;C:\Users\Karthik\.m2\repository\org\seleniumhq\selenium\selenium-remote-driver\3.141.59\selenium-remote-driver-3.141.59.jar;C:\Users\Karthik\.m2\repository\org\seleniumhq\selenium\selenium-safari-driver\3.141.59\selenium-safari-driver-3.141.59.jar;C:\Users\Karthik\.m2\repository\org\seleniumhq\selenium\selenium-support\3.141.59\selenium-support-3.141.59.jar;C:\Users\Karthik\.m2\repository\net\bytebuddy\byte-buddy\1.8.15\byte-buddy-1.8.15.jar;C:\Users\Karthik\.m2\repository\org\apache\commons\commons-exec\1.3\commons-exec-1.3.jar;C:\Users\Karthik\.m2\repository\com\google\guava\guava\25.0-jre\guava-25.0-jre.jar;C:\Users\Karthik\.m2\repository\com\google\code\findbugs\jsr305\1.3.9\jsr305-1.3.9.jar;C:\Users\Karthik\.m2\repository\org\checkerframework\checker-compat-qual\2.0.0\checker-compat-qual-2.0.0.jar;C:\Users\Karthik\.m2\repository\com\google\errorprone\error_prone_annotations\2.1.3\error_prone_annotations-2.1.3.jar;C:\Users\Karthik\.m2\repository\com\google\j2objc\j2objc-annotations\1.1\j2objc-annotations-1.1.jar;C:\Users\Karthik\.m2\repository\org\codehaus\mojo\animal-sniffer-annotations\1.14\animal-sniffer-annotations-1.14.jar;C:\Users\Karthik\.m2\repository\com\squareup\okhttp3\okhttp\3.11.0\okhttp-3.11.0.jar;C:\Users\Karthik\.m2\repository\com\squareup\okio\okio\1.14.0\okio-1.14.0.jar;C:\Users\Karthik\.m2\repository\commons-io\commons-io\2.6\commons-io-2.6.jar;C:\Users\Karthik\.m2\repository\info\cukes\cucumber-junit\1.2.5\cucumber-junit-1.2.5.jar;C:\Users\Karthik\.m2\repository\info\cukes\cucumber-java\1.2.5\cucumber-java-1.2.5.jar;C:\Users\Karthik\.m2\repository\info\cukes\cucumber-core\1.2.5\cucumber-core-1.2.5.jar;C:\Users\Karthik\.m2\repository\info\cukes\cucumber-html\0.2.3\cucumber-html-0.2.3.jar;C:\Users\Karthik\.m2\repository\info\cukes\cucumber-jvm-deps\1.0.5\cucumber-jvm-deps-1.0.5.jar;C:\Users\Karthik\.m2\repository\info\cukes\gherkin\2.12.2\gherkin-2.12.2.jar;C:\Users\Karthik\.m2\repository\com\vimalselvam\cucumber-extentsreport\3.0.2\cucumber-extentsreport-3.0.2.jar;C:\Users\Karthik\.m2\repository\com\aventstack\extentreports\3.1.2\extentreports-3.1.2.jar;C:\Users\Karthik\.m2\repository\org\freemarker\freemarker\2.3.23\freemarker-2.3.23.jar;C:\Users\Karthik\.m2\repository\org\mongodb\mongodb-driver\3.3.0\mongodb-driver-3.3.0.jar;C:\Users\Karthik\.m2\repository\org\mongodb\bson\3.3.0\bson-3.3.0.jar;C:\Users\Karthik\.m2\repository\org\mongodb\mongodb-driver-core\3.3.0\mongodb-driver-core-3.3.0.jar;C:\Users\Karthik\.m2\repository\org\apache\httpcomponents\httpclient\4.5.2\httpclient-4.5.2.jar;C:\Users\Karthik\.m2\repository\org\apache\httpcomponents\httpcore\4.4.4\httpcore-4.4.4.jar;C:\Users\Karthik\.m2\repository\commons-logging\commons-logging\1.2\commons-logging-1.2.jar;C:\Users\Karthik\.m2\repository\commons-codec\commons-codec\1.9\commons-codec-1.9.jar;C:\Users\Karthik\.m2\repository\org\apache\httpcomponents\httpmime\4.5.2\httpmime-4.5.2.jar;C:\Users\Karthik\.m2\repository\org\jsoup\jsoup\1.9.2\jsoup-1.9.2.jar;C:\Users\Karthik\.m2\repository\com\google\code\gson\gson\2.8.0\gson-2.8.0.jar;"/>
    <property name="sun.cpu.endian" value="little"/>
    <property name="user.home" value="C:\Users\Karthik"/>
    <property name="user.language" value="en"/>
    <property name="java.specification.vendor" value="Oracle Corporation"/>
    <property name="java.home" value="C:\Program Files\Java\jre1.8.0_251"/>
    <property name="basedir" value="E:\Course\eclipse-workspace\AdactinCucumber"/>
    <property name="file.separator" value="\"/>
    <property name="line.separator" value="&#10;"/>
    <property name="java.vm.specification.vendor" value="Oracle Corporation"/>
    <property name="java.specification.name" value="Java Platform API Specification"/>
    <property name="java.awt.graphicsenv" value="sun.awt.Win32GraphicsEnvironment"/>
    <property name="surefire.real.class.path" value="C:\Users\Karthik\AppData\Local\Temp\surefire4241083556466550102\surefirebooter7839200686691612852.jar"/>
    <property name="sun.boot.class.path" value="C:\Program Files\Java\jre1.8.0_251\lib\resources.jar;C:\Program Files\Java\jre1.8.0_251\lib\rt.jar;C:\Program Files\Java\jre1.8.0_251\lib\sunrsasign.jar;C:\Program Files\Java\jre1.8.0_251\lib\jsse.jar;C:\Program Files\Java\jre1.8.0_251\lib\jce.jar;C:\Program Files\Java\jre1.8.0_251\lib\charsets.jar;C:\Program Files\Java\jre1.8.0_251\lib\jfr.jar;C:\Program Files\Java\jre1.8.0_251\classes"/>
    <property name="user.script" value=""/>
    <property name="sun.management.compiler" value="HotSpot 64-Bit Tiered Compilers"/>
    <property name="java.runtime.version" value="1.8.0_251-b08"/>
    <property name="user.name" value="Karthik"/>
    <property name="path.separator" value=";"/>
    <property name="os.version" value="10.0"/>
    <property name="java.endorsed.dirs" value="C:\Program Files\Java\jre1.8.0_251\lib\endorsed"/>
    <property name="java.runtime.name" value="Java(TM) SE Runtime Environment"/>
    <property name="file.encoding" value="Cp1252"/>
    <property name="java.vm.name" value="Java HotSpot(TM) 64-Bit Server VM"/>
    <property name="localRepository" value="C:\Users\Karthik\.m2\repository"/>
    <property name="java.vendor.url.bug" value="http://bugreport.sun.com/bugreport/"/>
    <property name="java.io.tmpdir" value="C:\Users\Karthik\AppData\Local\Temp\"/>
    <property name="java.version" value="1.8.0_251"/>
    <property name="user.dir" value="E:\Course\eclipse-workspace\AdactinCucumber"/>
    <property name="os.arch" value="amd64"/>
    <property name="java.vm.specification.name" value="Java Virtual Machine Specification"/>
    <property name="java.awt.printerjob" value="sun.awt.windows.WPrinterJob"/>
    <property name="sun.os.patch.level" value=""/>
    <property name="java.library.path" value="C:\Program Files\Java\jre1.8.0_251\bin;C:\WINDOWS\Sun\Java\bin;C:\WINDOWS\system32;C:\WINDOWS;C:\Program Files (x86)\Intel\iCLS Client\;C:\Program Files\Intel\iCLS Client\;C:\Program Files (x86)\Common Files\Oracle\Java\javapath;E:\Course\Java\jdk1.8.0_231\bin;C:\Program Files (x86)\Intel\Intel(R) Management Engine Components\DAL;C:\Program Files\Intel\Intel(R) Management Engine Components\DAL;C:\Program Files (x86)\Intel\Intel(R) Management Engine Components\IPT;C:\Program Files\Intel\Intel(R) Management Engine Components\IPT;C:\WINDOWS\system32;C:\WINDOWS;C:\WINDOWS\System32\Wbem;C:\WINDOWS\System32\WindowsPowerShell\v1.0\;C:\WINDOWS\System32\OpenSSH\;E:\Course\Maven\apache-maven-3.6.3\bin;C:\Program Files\NVIDIA Corporation\NVIDIA NvDLISR;C:\Program Files\Git\cmd;C:\Program Files\Intel\WiFi\bin\;C:\Program Files\Common Files\Intel\WirelessCommon\;%USERPROFILE%\AppData\Local\Microsoft\WindowsApps;."/>
    <property name="java.vm.info" value="mixed mode"/>
    <property name="java.vendor" value="Oracle Corporation"/>
    <property name="java.vm.version" value="25.251-b08"/>
    <property name="java.ext.dirs" value="C:\Program Files\Java\jre1.8.0_251\lib\ext;C:\WINDOWS\Sun\Java\lib\ext"/>
    <property name="sun.io.unicode.encoding" value="UnicodeLittle"/>
    <property name="java.class.version" value="52.0"/>
  </properties>
  <testcase name="Given User launch the adactin application" classname="Scenario: Checking the valid username and password for login function" time="0.003"/>
  <testcase name="When User enter the valid username" classname="Scenario: Checking the valid username and password for login function" time="0"/>
  <testcase name="And User enter the valid password" classname="Scenario: Checking the valid username and password for login function" time="0"/>
  <testcase name="And User click the login button" classname="Scenario: Checking the valid username and password for login function" time="0"/>
  <testcase name="Then It lands to the homepage successfully" classname="Scenario: Checking the valid username and password for login function" time="0"/>
  <testcase name="Scenario: Checking the valid username and password for login function" classname="Scenario: Checking the valid username and password for login function" time="0.014"/>
  <testcase name="When User select the hotel location from the dropdown list" classname="Scenario: User searching the hotel in application" time="0"/>
  <testcase name="And User select the hotel from the dropdown list" classname="Scenario: User searching the hotel in application" time="0"/>
  <testcase name="And User select the room type from the dropdown list" classname="Scenario: User searching the hotel in application" time="0"/>
  <testcase name="And User select the number of rooms from the dropdown list" classname="Scenario: User searching the hotel in application" time="0.001"/>
  <testcase name="And User enter the check in date" classname="Scenario: User searching the hotel in application" time="0"/>
  <testcase name="And User enter the check out date" classname="Scenario: User searching the hotel in application" time="0"/>
  <testcase name="And User select the number of adults per room from the dropdown list" classname="Scenario: User searching the hotel in application" time="0"/>
  <testcase name="And User select the number of childs per room from the dropdown list" classname="Scenario: User searching the hotel in application" time="0"/>
  <testcase name="And User click the search button for searching the hotel" classname="Scenario: User searching the hotel in application" time="0"/>
  <testcase name="Then It lands to the search hotel page successfully" classname="Scenario: User searching the hotel in application" time="0"/>
  <testcase name="Scenario: User searching the hotel in application" classname="Scenario: User searching the hotel in application" time="0.008"/>
  <testcase name="When User reselects and confirms the selected hotel" classname="Scenario: User selecting and confirming the hotel in the application" time="0"/>
  <testcase name="And User clicks the continue button" classname="Scenario: User selecting and confirming the hotel in the application" time="0"/>
  <testcase name="Then It lands to the select hotel page successfully" classname="Scenario: User selecting and confirming the hotel in the application" time="0"/>
  <testcase name="Scenario: User selecting and confirming the hotel in the application" classname="Scenario: User selecting and confirming the hotel in the application" time="0.013"/>
  <testcase name="When User enter the first name" classname="Scenario: User booking the room in the hotel and making payment" time="0"/>
  <testcase name="And User enter the last name" classname="Scenario: User booking the room in the hotel and making payment" time="0"/>
  <testcase name="And User enter the address" classname="Scenario: User booking the room in the hotel and making payment" time="0"/>
  <testcase name="And User enter the credit card number" classname="Scenario: User booking the room in the hotel and making payment" time="0"/>
  <testcase name="And User enter the credit card type" classname="Scenario: User booking the room in the hotel and making payment" time="0"/>
  <testcase name="And User enter the expiry month of the credit card" classname="Scenario: User booking the room in the hotel and making payment" time="0"/>
  <testcase name="And User enter the expiry year of the credit card" classname="Scenario: User booking the room in the hotel and making payment" time="0"/>
  <testcase name="And User enter the credit card cvv number" classname="Scenario: User booking the room in the hotel and making payment" time="0"/>
  <testcase name="And User booking the room by clicking booknow button" classname="Scenario: User booking the room in the hotel and making payment" time="0"/>
  <testcase name="Then It lands to the booking hotel page successfully" classname="Scenario: User booking the room in the hotel and making payment" time="0"/>
  <testcase name="Scenario: User booking the room in the hotel and making payment" classname="Scenario: User booking the room in the hotel and making payment" time="0.03"/>
  <testcase name="When User click the my itinerary button and confirms" classname="Scenario: User confirming the booked room in the hotel" time="0"/>
  <testcase name="Then It lands to the booking confirm page successfully" classname="Scenario: User confirming the booked room in the hotel" time="0"/>
  <testcase name="Scenario: User confirming the booked room in the hotel" classname="Scenario: User confirming the booked room in the hotel" time="0.009"/>
  <testcase name="When User search the booked room and cancelling it" classname="Scenario: User cancel the booked room in the hotel" time="0"/>
  <testcase name="And User reconfirms the room cancellation" classname="Scenario: User cancel the booked room in the hotel" time="0"/>
  <testcase name="Then It lands to the booking itineray page successfully" classname="Scenario: User cancel the booked room in the hotel" time="0.001"/>
  <testcase name="Scenario: User cancel the booked room in the hotel" classname="Scenario: User cancel the booked room in the hotel" time="0.007"/>
  <testcase name="When User click the logout button for signing out" classname="Scenario: User signing out from the hotel application" time="0"/>
  <testcase name="Then It lands to the signout page successfully" classname="Scenario: User signing out from the hotel application" time="0"/>
  <testcase name="Scenario: User signing out from the hotel application" classname="Scenario: User signing out from the hotel application" time="0.011"/>
</testsuite>